# JRE version: Java(TM) SE Runtime Environment (17.0.12+8) (build 17.0.12+8-LTS-286)
# Java VM: Java HotSpot(TM) 64-Bit Server VM (17.0.12+8-LTS-286, mixed mode, sharing, tiered, compressed oops, compressed class ptrs, g1 gc, windows-amd64)
GC Precious Log:
 CPUs: 12 total, 12 available
 Memory: 16107M
 Large Page Support: Disabled
 NUMA Support: Disabled
 Compressed Oops: Enabled (Zero based)
 Heap Region Size: 4M
 Heap Min Capacity: 8M
 Heap Initial Capacity: 252M
 Heap Max Capacity: 8G
 Pre-touch: Disabled
 Parallel Workers: 10
 Concurrent Workers: 3
 Concurrent Refinement Workers: 10
 Periodic GC: Disabled
Heap:
 garbage-first heap   total 819200K, used 345624K [0x0000000600000000, 0x0000000800000000)
  region size 4096K, 2 young (8192K), 2 survivors (8192K)
 Metaspace       used 162085K, committed 163968K, reserved 1245184K
  class space    used 22484K, committed 23360K, reserved 1048576K
GC Heap History (20 events):
Event: 104.085 GC heap after
{Heap after GC invocations=56 (full 0):
 garbage-first heap   total 425984K, used 287316K [0x0000000600000000, 0x0000000800000000)
  region size 4096K, 3 young (12288K), 3 survivors (12288K)
 Metaspace       used 136356K, committed 138048K, reserved 1179648K
  class space    used 18369K, committed 19136K, reserved 1048576K
}
Event: 104.291 GC heap before
{Heap before GC invocations=56 (full 0):
 garbage-first heap   total 425984K, used 291412K [0x0000000600000000, 0x0000000800000000)
  region size 4096K, 5 young (20480K), 3 survivors (12288K)
 Metaspace       used 136405K, committed 138048K, reserved 1179648K
  class space    used 18376K, committed 19136K, reserved 1048576K
}
Event: 104.296 GC heap after
{Heap after GC invocations=57 (full 0):
 garbage-first heap   total 425984K, used 287734K [0x0000000600000000, 0x0000000800000000)
  region size 4096K, 1 young (4096K), 1 survivors (4096K)
 Metaspace       used 136405K, committed 138048K, reserved 1179648K
  class space    used 18376K, committed 19136K, reserved 1048576K
}
Event: 107.439 GC heap before
{Heap before GC invocations=58 (full 0):
 garbage-first heap   total 528384K, used 353270K [0x0000000600000000, 0x0000000800000000)
  region size 4096K, 17 young (69632K), 1 survivors (4096K)
 Metaspace       used 141002K, committed 142784K, reserved 1179648K
  class space    used 18912K, committed 19712K, reserved 1048576K
}
Event: 107.446 GC heap after
{Heap after GC invocations=59 (full 0):
 garbage-first heap   total 528384K, used 297223K [0x0000000600000000, 0x0000000800000000)
  region size 4096K, 2 young (8192K), 2 survivors (8192K)
 Metaspace       used 141002K, committed 142784K, reserved 1179648K
  class space    used 18912K, committed 19712K, reserved 1048576K
}
Event: 107.563 GC heap before
{Heap before GC invocations=59 (full 0):
 garbage-first heap   total 528384K, used 309511K [0x0000000600000000, 0x0000000800000000)
  region size 4096K, 6 young (24576K), 2 survivors (8192K)
 Metaspace       used 141404K, committed 143168K, reserved 1179648K
  class space    used 18971K, committed 19776K, reserved 1048576K
}
Event: 107.578 GC heap after
{Heap after GC invocations=60 (full 0):
 garbage-first heap   total 528384K, used 292691K [0x0000000600000000, 0x0000000800000000)
  region size 4096K, 1 young (4096K), 1 survivors (4096K)
 Metaspace       used 141404K, committed 143168K, reserved 1179648K
  class space    used 18971K, committed 19776K, reserved 1048576K
}
Event: 109.416 GC heap before
{Heap before GC invocations=60 (full 0):
 garbage-first heap   total 528384K, used 436051K [0x0000000600000000, 0x0000000800000000)
  region size 4096K, 37 young (151552K), 1 survivors (4096K)
 Metaspace       used 157058K, committed 158912K, reserved 1245184K
  class space    used 21704K, committed 22592K, reserved 1048576K
}
Event: 109.423 GC heap after
{Heap after GC invocations=61 (full 0):
 garbage-first heap   total 528384K, used 299431K [0x0000000600000000, 0x0000000800000000)
  region size 4096K, 3 young (12288K), 3 survivors (12288K)
 Metaspace       used 157058K, committed 158912K, reserved 1245184K
  class space    used 21704K, committed 22592K, reserved 1048576K
}
Event: 110.715 GC heap before
{Heap before GC invocations=62 (full 0):
 garbage-first heap   total 552960K, used 434599K [0x0000000600000000, 0x0000000800000000)
  region size 4096K, 37 young (151552K), 3 survivors (12288K)
 Metaspace       used 160472K, committed 162368K, reserved 1245184K
  class space    used 22294K, committed 23168K, reserved 1048576K
}
Event: 110.737 GC heap after
{Heap after GC invocations=63 (full 0):
 garbage-first heap   total 552960K, used 310808K [0x0000000600000000, 0x0000000800000000)
  region size 4096K, 5 young (20480K), 5 survivors (20480K)
 Metaspace       used 160472K, committed 162368K, reserved 1245184K
  class space    used 22294K, committed 23168K, reserved 1048576K
}
Event: 110.762 GC heap before
{Heap before GC invocations=63 (full 0):
 garbage-first heap   total 552960K, used 314904K [0x0000000600000000, 0x0000000800000000)
  region size 4096K, 6 young (24576K), 5 survivors (20480K)
 Metaspace       used 160473K, committed 162368K, reserved 1245184K
  class space    used 22294K, committed 23168K, reserved 1048576K
}
Event: 110.792 GC heap after
{Heap after GC invocations=64 (full 0):
 garbage-first heap   total 552960K, used 308361K [0x0000000600000000, 0x0000000800000000)
  region size 4096K, 1 young (4096K), 1 survivors (4096K)
 Metaspace       used 160473K, committed 162368K, reserved 1245184K
  class space    used 22294K, committed 23168K, reserved 1048576K
}
Event: 112.922 GC heap before
{Heap before GC invocations=64 (full 0):
 garbage-first heap   total 552960K, used 517257K [0x0000000600000000, 0x0000000800000000)
  region size 4096K, 24 young (98304K), 1 survivors (4096K)
 Metaspace       used 161945K, committed 163840K, reserved 1245184K
  class space    used 22475K, committed 23360K, reserved 1048576K
}
Event: 112.924 GC heap after
{Heap after GC invocations=65 (full 0):
 garbage-first heap   total 552960K, used 432828K [0x0000000600000000, 0x0000000800000000)
  region size 4096K, 1 young (4096K), 1 survivors (4096K)
 Metaspace       used 161945K, committed 163840K, reserved 1245184K
  class space    used 22475K, committed 23360K, reserved 1048576K
}
Event: 112.940 GC heap before
{Heap before GC invocations=65 (full 0):
 garbage-first heap   total 552960K, used 461500K [0x0000000600000000, 0x0000000800000000)
  region size 4096K, 2 young (8192K), 1 survivors (4096K)
 Metaspace       used 161946K, committed 163840K, reserved 1245184K
  class space    used 22475K, committed 23360K, reserved 1048576K
}
Event: 112.943 GC heap after
{Heap after GC invocations=66 (full 0):
 garbage-first heap   total 552960K, used 460414K [0x0000000600000000, 0x0000000800000000)
  region size 4096K, 1 young (4096K), 1 survivors (4096K)
 Metaspace       used 161946K, committed 163840K, reserved 1245184K
  class space    used 22475K, committed 23360K, reserved 1048576K
}
Event: 113.255 GC heap before
{Heap before GC invocations=67 (full 0):
 garbage-first heap   total 819200K, used 505470K [0x0000000600000000, 0x0000000800000000)
  region size 4096K, 7 young (28672K), 1 survivors (4096K)
 Metaspace       used 162085K, committed 163968K, reserved 1245184K
  class space    used 22484K, committed 23360K, reserved 1048576K
}
Event: 113.259 GC heap after
{Heap after GC invocations=68 (full 0):
 garbage-first heap   total 819200K, used 326392K [0x0000000600000000, 0x0000000800000000)
  region size 4096K, 1 young (4096K), 1 survivors (4096K)
 Metaspace       used 162085K, committed 163968K, reserved 1245184K
  class space    used 22484K, committed 23360K, reserved 1048576K
}
Event: 113.277 GC heap before
{Heap before GC invocations=68 (full 0):
 garbage-first heap   total 819200K, used 359160K [0x0000000600000000, 0x0000000800000000)
  region size 4096K, 10 young (40960K), 1 survivors (4096K)
 Metaspace       used 162085K, committed 163968K, reserved 1245184K
  class space    used 22484K, committed 23360K, reserved 1048576K
}

